Determining if the pthread_create exist failed with the following output:
Change Dir: /home/stephan/Bachelorarbeit/PC/cmake-build-debug/CMakeFiles/CMakeTmp

Run Build Command:"/usr/bin/make" "cmTC_883fa/fast"
make[1]: Verzeichnis „/home/stephan/Bachelorarbeit/PC/cmake-build-debug/CMakeFiles/CMakeTmp“ wird betreten
/usr/bin/make -f CMakeFiles/cmTC_883fa.dir/build.make CMakeFiles/cmTC_883fa.dir/build
make[2]: Verzeichnis „/home/stephan/Bachelorarbeit/PC/cmake-build-debug/CMakeFiles/CMakeTmp“ wird betreten
Building C object CMakeFiles/cmTC_883fa.dir/CheckSymbolExists.c.o
/usr/bin/cc     -o CMakeFiles/cmTC_883fa.dir/CheckSymbolExists.c.o   -c /home/stephan/Bachelorarbeit/PC/cmake-build-debug/CMakeFiles/CMakeTmp/CheckSymbolExists.c
Linking C executable cmTC_883fa
/home/stephan/clion-2017.1.3/bin/cmake/bin/cmake -E cmake_link_script CMakeFiles/cmTC_883fa.dir/link.txt --verbose=1
/usr/bin/cc       CMakeFiles/cmTC_883fa.dir/CheckSymbolExists.c.o  -o cmTC_883fa 
CMakeFiles/cmTC_883fa.dir/CheckSymbolExists.c.o: In Funktion `main':
CheckSymbolExists.c:(.text+0x16): Nicht definierter Verweis auf `pthread_create'
collect2: error: ld returned 1 exit status
CMakeFiles/cmTC_883fa.dir/build.make:97: die Regel für Ziel „cmTC_883fa“ scheiterte
make[2]: *** [cmTC_883fa] Fehler 1
make[2]: Verzeichnis „/home/stephan/Bachelorarbeit/PC/cmake-build-debug/CMakeFiles/CMakeTmp“ wird verlassen
Makefile:126: die Regel für Ziel „cmTC_883fa/fast“ scheiterte
make[1]: *** [cmTC_883fa/fast] Fehler 2
make[1]: Verzeichnis „/home/stephan/Bachelorarbeit/PC/cmake-build-debug/CMakeFiles/CMakeTmp“ wird verlassen

File /home/stephan/Bachelorarbeit/PC/cmake-build-debug/CMakeFiles/CMakeTmp/CheckSymbolExists.c:
/* */
#include <pthread.h>

int main(int argc, char** argv)
{
  (void)argv;
#ifndef pthread_create
  return ((int*)(&pthread_create))[argc];
#else
  (void)argc;
  return 0;
#endif
}

Determining if the function pthread_create exists in the pthreads failed with the following output:
Change Dir: /home/stephan/Bachelorarbeit/PC/cmake-build-debug/CMakeFiles/CMakeTmp

Run Build Command:"/usr/bin/make" "cmTC_e1a4a/fast"
make[1]: Verzeichnis „/home/stephan/Bachelorarbeit/PC/cmake-build-debug/CMakeFiles/CMakeTmp“ wird betreten
/usr/bin/make -f CMakeFiles/cmTC_e1a4a.dir/build.make CMakeFiles/cmTC_e1a4a.dir/build
make[2]: Verzeichnis „/home/stephan/Bachelorarbeit/PC/cmake-build-debug/CMakeFiles/CMakeTmp“ wird betreten
Building C object CMakeFiles/cmTC_e1a4a.dir/CheckFunctionExists.c.o
/usr/bin/cc    -DCHECK_FUNCTION_EXISTS=pthread_create   -o CMakeFiles/cmTC_e1a4a.dir/CheckFunctionExists.c.o   -c /home/stephan/clion-2017.1.3/bin/cmake/share/cmake-3.7/Modules/CheckFunctionExists.c
Linking C executable cmTC_e1a4a
/home/stephan/clion-2017.1.3/bin/cmake/bin/cmake -E cmake_link_script CMakeFiles/cmTC_e1a4a.dir/link.txt --verbose=1
/usr/bin/cc   -DCHECK_FUNCTION_EXISTS=pthread_create    CMakeFiles/cmTC_e1a4a.dir/CheckFunctionExists.c.o  -o cmTC_e1a4a -lpthreads 
/usr/bin/ld: cannot find -lpthreads
collect2: error: ld returned 1 exit status
CMakeFiles/cmTC_e1a4a.dir/build.make:97: die Regel für Ziel „cmTC_e1a4a“ scheiterte
make[2]: *** [cmTC_e1a4a] Fehler 1
make[2]: Verzeichnis „/home/stephan/Bachelorarbeit/PC/cmake-build-debug/CMakeFiles/CMakeTmp“ wird verlassen
Makefile:126: die Regel für Ziel „cmTC_e1a4a/fast“ scheiterte
make[1]: *** [cmTC_e1a4a/fast] Fehler 2
make[1]: Verzeichnis „/home/stephan/Bachelorarbeit/PC/cmake-build-debug/CMakeFiles/CMakeTmp“ wird verlassen


